TN:
SF:index.js
FN:136,(anonymous_0)
FN:184,(anonymous_1)
FN:186,(anonymous_2)
FN:208,swaggerInitFn
FN:227,(anonymous_4)
FN:230,(anonymous_5)
FN:254,(anonymous_6)
FN:257,(anonymous_7)
FN:268,(anonymous_8)
FN:281,(anonymous_9)
FN:283,(anonymous_10)
FN:286,(anonymous_11)
FN:293,(anonymous_12)
FNF:13
FNH:12
FNDA:8,(anonymous_0)
FNDA:7,(anonymous_1)
FNDA:3,(anonymous_2)
FNDA:13,swaggerInitFn
FNDA:1,(anonymous_4)
FNDA:0,(anonymous_5)
FNDA:3,(anonymous_6)
FNDA:12,(anonymous_7)
FNDA:1,(anonymous_8)
FNDA:1,(anonymous_9)
FNDA:9,(anonymous_10)
FNDA:339,(anonymous_11)
FNDA:7,(anonymous_12)
DA:3,1
DA:4,1
DA:5,1
DA:7,1
DA:9,1
DA:90,1
DA:136,1
DA:141,8
DA:143,8
DA:144,6
DA:145,6
DA:146,6
DA:147,6
DA:148,6
DA:149,6
DA:150,6
DA:151,6
DA:152,6
DA:153,6
DA:156,2
DA:158,8
DA:159,8
DA:160,8
DA:161,8
DA:162,8
DA:163,8
DA:164,8
DA:166,8
DA:167,8
DA:168,8
DA:169,8
DA:170,8
DA:171,8
DA:173,8
DA:180,8
DA:181,8
DA:184,1
DA:185,7
DA:186,7
DA:187,3
DA:188,0
DA:190,0
DA:194,0
DA:195,0
DA:198,3
DA:202,3
DA:203,3
DA:209,13
DA:210,13
DA:211,1
DA:212,12
DA:214,3
DA:215,3
DA:219,3
DA:220,3
DA:221,3
DA:223,9
DA:227,1
DA:228,1
DA:230,1
DA:231,0
DA:232,0
DA:233,0
DA:234,0
DA:235,0
DA:239,0
DA:240,0
DA:241,0
DA:243,0
DA:254,1
DA:255,3
DA:257,3
DA:258,12
DA:259,0
DA:260,12
DA:261,3
DA:263,9
DA:268,1
DA:269,1
DA:270,1
DA:276,1
DA:277,1
DA:280,1
DA:281,1
DA:283,1
DA:284,9
DA:285,9
DA:286,9
DA:287,339
DA:288,7
DA:289,7
DA:291,332
DA:293,9
DA:294,7
DA:296,9
DA:299,1
LF:96
LH:82
BRDA:143,0,0,6
BRDA:143,0,1,2
BRDA:143,1,0,8
BRDA:143,1,1,6
BRDA:150,2,0,6
BRDA:150,2,1,6
BRDA:158,3,0,8
BRDA:158,3,1,2
BRDA:159,4,0,0
BRDA:159,4,1,8
BRDA:160,5,0,8
BRDA:160,5,1,0
BRDA:161,6,0,8
BRDA:161,6,1,8
BRDA:162,7,0,8
BRDA:162,7,1,8
BRDA:163,8,0,8
BRDA:163,8,1,1
BRDA:164,9,0,8
BRDA:164,9,1,1
BRDA:166,10,0,0
BRDA:166,10,1,8
BRDA:170,11,0,2
BRDA:170,11,1,6
BRDA:171,12,0,2
BRDA:171,12,1,6
BRDA:174,13,0,8
BRDA:174,13,1,3
BRDA:176,14,0,8
BRDA:176,14,1,6
BRDA:177,15,0,8
BRDA:177,15,1,8
BRDA:187,16,0,0
BRDA:187,16,1,3
BRDA:210,17,0,1
BRDA:210,17,1,12
BRDA:212,18,0,3
BRDA:212,18,1,9
BRDA:231,19,0,0
BRDA:231,19,1,0
BRDA:233,20,0,0
BRDA:233,20,1,0
BRDA:254,21,0,2
BRDA:258,22,0,0
BRDA:258,22,1,12
BRDA:260,23,0,3
BRDA:260,23,1,9
BRDA:269,24,0,1
BRDA:269,24,1,0
BRDA:271,25,0,1
BRDA:271,25,1,0
BRDA:272,26,0,1
BRDA:272,26,1,0
BRDA:273,27,0,1
BRDA:273,27,1,1
BRDA:274,28,0,1
BRDA:274,28,1,1
BRDA:287,29,0,7
BRDA:287,29,1,332
BRF:59
BRH:47
end_of_record
